{"/home/rafael/Documentos/projetos/estudos-js/notes-react/src/App.tsx": {"path":"/home/rafael/Documentos/projetos/estudos-js/notes-react/src/App.tsx","statementMap":{"0":{"start":{"line":1,"column":0},"end":{"line":1,"column":44}},"1":{"start":{"line":2,"column":0},"end":{"line":2,"column":26}},"2":{"start":{"line":3,"column":0},"end":{"line":3,"column":57}},"3":{"start":{"line":5,"column":0},"end":{"line":5,"column":45}},"4":{"start":{"line":6,"column":0},"end":{"line":6,"column":37}},"5":{"start":{"line":7,"column":0},"end":{"line":7,"column":19}},"6":{"start":{"line":8,"column":0},"end":{"line":8,"column":57}},"7":{"start":{"line":9,"column":0},"end":{"line":9,"column":49}},"8":{"start":{"line":12,"column":15},"end":{"line":12,"column":25}},"9":{"start":{"line":14,"column":38},"end":{"line":14,"column":63}},"10":{"start":{"line":15,"column":28},"end":{"line":15,"column":49}},"11":{"start":{"line":17,"column":4},"end":{"line":17,"column":28}},"12":{"start":{"line":18,"column":50},"end":{"line":18,"column":74}},"13":{"start":{"line":19,"column":42},"end":{"line":19,"column":59}},"14":{"start":{"line":20,"column":50},"end":{"line":20,"column":71}},"15":{"start":{"line":22,"column":2},"end":{"line":25,"column":9}},"16":{"start":{"line":23,"column":4},"end":{"line":23,"column":20}},"17":{"start":{"line":24,"column":4},"end":{"line":24,"column":15}},"18":{"start":{"line":27,"column":20},"end":{"line":30,"column":3}},"19":{"start":{"line":28,"column":21},"end":{"line":28,"column":76}},"20":{"start":{"line":28,"column":46},"end":{"line":28,"column":75}},"21":{"start":{"line":29,"column":4},"end":{"line":29,"column":42}},"22":{"start":{"line":32,"column":25},"end":{"line":35,"column":3}},"23":{"start":{"line":33,"column":4},"end":{"line":33,"column":26}},"24":{"start":{"line":34,"column":4},"end":{"line":34,"column":30}},"25":{"start":{"line":37,"column":29},"end":{"line":41,"column":3}},"26":{"start":{"line":38,"column":4},"end":{"line":38,"column":null}},"27":{"start":{"line":39,"column":4},"end":{"line":39,"column":34}},"28":{"start":{"line":40,"column":4},"end":{"line":40,"column":34}},"29":{"start":{"line":43,"column":26},"end":{"line":45,"column":3}},"30":{"start":{"line":44,"column":4},"end":{"line":44,"column":31}},"31":{"start":{"line":47,"column":30},"end":{"line":49,"column":3}},"32":{"start":{"line":48,"column":4},"end":{"line":48,"column":35}},"33":{"start":{"line":51,"column":25},"end":{"line":55,"column":3}},"34":{"start":{"line":52,"column":4},"end":{"line":52,"column":26}},"35":{"start":{"line":53,"column":4},"end":{"line":53,"column":26}},"36":{"start":{"line":53,"column":19},"end":{"line":53,"column":26}},"37":{"start":{"line":54,"column":4},"end":{"line":54,"column":40}},"38":{"start":{"line":57,"column":23},"end":{"line":60,"column":3}},"39":{"start":{"line":58,"column":4},"end":{"line":58,"column":26}},"40":{"start":{"line":59,"column":4},"end":{"line":59,"column":66}},"41":{"start":{"line":62,"column":21},"end":{"line":69,"column":3}},"42":{"start":{"line":63,"column":4},"end":{"line":63,"column":22}},"43":{"start":{"line":64,"column":4},"end":{"line":64,"column":22}},"44":{"start":{"line":65,"column":4},"end":{"line":65,"column":22}},"45":{"start":{"line":65,"column":15},"end":{"line":65,"column":22}},"46":{"start":{"line":66,"column":4},"end":{"line":68,"column":32}},"47":{"start":{"line":71,"column":19},"end":{"line":73,"column":3}},"48":{"start":{"line":72,"column":4},"end":{"line":72,"column":46}},"49":{"start":{"line":77,"column":24},"end":{"line":83,"column":3}},"50":{"start":{"line":78,"column":33},"end":{"line":79,"column":null}},"51":{"start":{"line":82,"column":4},"end":{"line":82,"column":35}},"52":{"start":{"line":85,"column":23},"end":{"line":92,"column":3}},"53":{"start":{"line":86,"column":34},"end":{"line":88,"column":null}},"54":{"start":{"line":91,"column":4},"end":{"line":91,"column":54}},"55":{"start":{"line":91,"column":29},"end":{"line":91,"column":52}},"56":{"start":{"line":94,"column":22},"end":{"line":105,"column":3}},"57":{"start":{"line":95,"column":38},"end":{"line":97,"column":null}},"58":{"start":{"line":100,"column":4},"end":{"line":104,"column":6}},"59":{"start":{"line":101,"column":6},"end":{"line":102,"column":null}},"60":{"start":{"line":102,"column":8},"end":{"line":102,"column":71}},"61":{"start":{"line":107,"column":19},"end":{"line":113,"column":3}},"62":{"start":{"line":108,"column":28},"end":{"line":109,"column":null}},"63":{"start":{"line":112,"column":4},"end":{"line":112,"column":25}},"64":{"start":{"line":115,"column":19},"end":{"line":122,"column":3}},"65":{"start":{"line":116,"column":30},"end":{"line":118,"column":null}},"66":{"start":{"line":121,"column":4},"end":{"line":121,"column":45}},"67":{"start":{"line":121,"column":24},"end":{"line":121,"column":43}},"68":{"start":{"line":124,"column":18},"end":{"line":133,"column":3}},"69":{"start":{"line":125,"column":34},"end":{"line":127,"column":null}},"70":{"start":{"line":130,"column":4},"end":{"line":132,"column":6}},"71":{"start":{"line":131,"column":6},"end":{"line":131,"column":76}},"72":{"start":{"line":131,"column":27},"end":{"line":131,"column":74}},"73":{"start":{"line":135,"column":21},"end":{"line":139,"column":3}},"74":{"start":{"line":136,"column":4},"end":{"line":136,"column":66}},"75":{"start":{"line":138,"column":4},"end":{"line":138,"column":64}},"76":{"start":{"line":138,"column":24},"end":{"line":138,"column":62}},"77":{"start":{"line":138,"column":47},"end":{"line":138,"column":61}},"78":{"start":{"line":141,"column":2},"end":{"line":189,"column":4}},"79":{"start":{"line":153,"column":35},"end":{"line":153,"column":55}},"80":{"start":{"line":156,"column":12},"end":{"line":158,"column":null}},"81":{"start":{"line":159,"column":29},"end":{"line":159,"column":57}},"82":{"start":{"line":167,"column":35},"end":{"line":167,"column":51}},"83":{"start":{"line":171,"column":14},"end":{"line":173,"column":null}},"84":{"start":{"line":175,"column":31},"end":{"line":175,"column":51}},"85":{"start":{"line":192,"column":0},"end":{"line":192,"column":19}}},"fnMap":{"0":{"name":"App","decl":{"start":{"line":11,"column":9},"end":{"line":11,"column":12}},"loc":{"start":{"line":11,"column":12},"end":{"line":190,"column":1}}},"1":{"name":"(anonymous_1)","decl":{"start":{"line":22,"column":12},"end":{"line":22,"column":15}},"loc":{"start":{"line":22,"column":17},"end":{"line":25,"column":3}}},"2":{"name":"(anonymous_2)","decl":{"start":{"line":27,"column":20},"end":{"line":27,"column":21}},"loc":{"start":{"line":27,"column":51},"end":{"line":30,"column":3}}},"3":{"name":"(anonymous_3)","decl":{"start":{"line":28,"column":37},"end":{"line":28,"column":38}},"loc":{"start":{"line":28,"column":46},"end":{"line":28,"column":75}}},"4":{"name":"(anonymous_4)","decl":{"start":{"line":32,"column":25},"end":{"line":32,"column":26}},"loc":{"start":{"line":32,"column":48},"end":{"line":35,"column":3}}},"5":{"name":"(anonymous_5)","decl":{"start":{"line":37,"column":29},"end":{"line":37,"column":30}},"loc":{"start":{"line":37,"column":60},"end":{"line":41,"column":3}}},"6":{"name":"(anonymous_6)","decl":{"start":{"line":43,"column":26},"end":{"line":43,"column":35}},"loc":{"start":{"line":43,"column":37},"end":{"line":45,"column":3}}},"7":{"name":"(anonymous_7)","decl":{"start":{"line":47,"column":30},"end":{"line":47,"column":39}},"loc":{"start":{"line":47,"column":41},"end":{"line":49,"column":3}}},"8":{"name":"(anonymous_8)","decl":{"start":{"line":51,"column":25},"end":{"line":51,"column":26}},"loc":{"start":{"line":51,"column":56},"end":{"line":55,"column":3}}},"9":{"name":"(anonymous_9)","decl":{"start":{"line":57,"column":23},"end":{"line":57,"column":24}},"loc":{"start":{"line":57,"column":53},"end":{"line":60,"column":3}}},"10":{"name":"(anonymous_10)","decl":{"start":{"line":62,"column":21},"end":{"line":62,"column":22}},"loc":{"start":{"line":62,"column":53},"end":{"line":69,"column":3}}},"11":{"name":"(anonymous_11)","decl":{"start":{"line":71,"column":19},"end":{"line":71,"column":20}},"loc":{"start":{"line":71,"column":41},"end":{"line":73,"column":3}}},"12":{"name":"(anonymous_12)","decl":{"start":{"line":77,"column":24},"end":{"line":77,"column":29}},"loc":{"start":{"line":77,"column":35},"end":{"line":83,"column":3}}},"13":{"name":"(anonymous_13)","decl":{"start":{"line":85,"column":23},"end":{"line":85,"column":28}},"loc":{"start":{"line":85,"column":53},"end":{"line":92,"column":3}}},"14":{"name":"(anonymous_14)","decl":{"start":{"line":91,"column":18},"end":{"line":91,"column":19}},"loc":{"start":{"line":91,"column":29},"end":{"line":91,"column":52}}},"15":{"name":"(anonymous_15)","decl":{"start":{"line":94,"column":22},"end":{"line":94,"column":27}},"loc":{"start":{"line":94,"column":52},"end":{"line":105,"column":3}}},"16":{"name":"(anonymous_16)","decl":{"start":{"line":100,"column":18},"end":{"line":100,"column":19}},"loc":{"start":{"line":101,"column":6},"end":{"line":102,"column":null}}},"17":{"name":"(anonymous_17)","decl":{"start":{"line":101,"column":16},"end":{"line":101,"column":17}},"loc":{"start":{"line":102,"column":8},"end":{"line":102,"column":71}}},"18":{"name":"(anonymous_18)","decl":{"start":{"line":107,"column":19},"end":{"line":107,"column":24}},"loc":{"start":{"line":107,"column":30},"end":{"line":113,"column":3}}},"19":{"name":"(anonymous_19)","decl":{"start":{"line":115,"column":19},"end":{"line":115,"column":24}},"loc":{"start":{"line":115,"column":41},"end":{"line":122,"column":3}}},"20":{"name":"(anonymous_20)","decl":{"start":{"line":121,"column":13},"end":{"line":121,"column":14}},"loc":{"start":{"line":121,"column":24},"end":{"line":121,"column":43}}},"21":{"name":"(anonymous_21)","decl":{"start":{"line":124,"column":18},"end":{"line":124,"column":23}},"loc":{"start":{"line":124,"column":40},"end":{"line":133,"column":3}}},"22":{"name":"(anonymous_22)","decl":{"start":{"line":130,"column":13},"end":{"line":130,"column":14}},"loc":{"start":{"line":131,"column":6},"end":{"line":131,"column":76}}},"23":{"name":"(anonymous_23)","decl":{"start":{"line":131,"column":16},"end":{"line":131,"column":17}},"loc":{"start":{"line":131,"column":27},"end":{"line":131,"column":74}}},"24":{"name":"(anonymous_24)","decl":{"start":{"line":135,"column":21},"end":{"line":135,"column":26}},"loc":{"start":{"line":135,"column":42},"end":{"line":139,"column":3}}},"25":{"name":"(anonymous_25)","decl":{"start":{"line":138,"column":13},"end":{"line":138,"column":14}},"loc":{"start":{"line":138,"column":24},"end":{"line":138,"column":62}}},"26":{"name":"(anonymous_26)","decl":{"start":{"line":138,"column":37},"end":{"line":138,"column":38}},"loc":{"start":{"line":138,"column":47},"end":{"line":138,"column":61}}},"27":{"name":"(anonymous_27)","decl":{"start":{"line":153,"column":29},"end":{"line":153,"column":32}},"loc":{"start":{"line":153,"column":35},"end":{"line":153,"column":55}}},"28":{"name":"(anonymous_28)","decl":{"start":{"line":155,"column":26},"end":{"line":155,"column":27}},"loc":{"start":{"line":156,"column":12},"end":{"line":158,"column":null}}},"29":{"name":"(anonymous_29)","decl":{"start":{"line":159,"column":23},"end":{"line":159,"column":26}},"loc":{"start":{"line":159,"column":29},"end":{"line":159,"column":57}}},"30":{"name":"(anonymous_30)","decl":{"start":{"line":167,"column":29},"end":{"line":167,"column":32}},"loc":{"start":{"line":167,"column":35},"end":{"line":167,"column":51}}},"31":{"name":"(anonymous_31)","decl":{"start":{"line":170,"column":23},"end":{"line":170,"column":24}},"loc":{"start":{"line":171,"column":14},"end":{"line":173,"column":null}}},"32":{"name":"(anonymous_32)","decl":{"start":{"line":175,"column":25},"end":{"line":175,"column":28}},"loc":{"start":{"line":175,"column":31},"end":{"line":175,"column":51}}}},"branchMap":{"0":{"loc":{"start":{"line":29,"column":11},"end":{"line":29,"column":41}},"type":"cond-expr","locations":[{"start":{"line":29,"column":22},"end":{"line":29,"column":36}},{"start":{"line":29,"column":39},"end":{"line":29,"column":41}}]},"1":{"loc":{"start":{"line":53,"column":4},"end":{"line":53,"column":26}},"type":"if","locations":[{"start":{"line":53,"column":4},"end":{"line":53,"column":26}}]},"2":{"loc":{"start":{"line":59,"column":4},"end":{"line":59,"column":65}},"type":"cond-expr","locations":[{"start":{"line":59,"column":19},"end":{"line":59,"column":41}},{"start":{"line":59,"column":44},"end":{"line":59,"column":65}}]},"3":{"loc":{"start":{"line":65,"column":4},"end":{"line":65,"column":22}},"type":"if","locations":[{"start":{"line":65,"column":4},"end":{"line":65,"column":22}}]},"4":{"loc":{"start":{"line":66,"column":4},"end":{"line":68,"column":31}},"type":"cond-expr","locations":[{"start":{"line":67,"column":8},"end":{"line":67,"column":34}},{"start":{"line":68,"column":8},"end":{"line":68,"column":31}}]},"5":{"loc":{"start":{"line":72,"column":4},"end":{"line":72,"column":45}},"type":"cond-expr","locations":[{"start":{"line":72,"column":15},"end":{"line":72,"column":29}},{"start":{"line":72,"column":32},"end":{"line":72,"column":45}}]},"6":{"loc":{"start":{"line":102,"column":8},"end":{"line":102,"column":71}},"type":"cond-expr","locations":[{"start":{"line":102,"column":45},"end":{"line":102,"column":60}},{"start":{"line":102,"column":63},"end":{"line":102,"column":71}}]},"7":{"loc":{"start":{"line":131,"column":27},"end":{"line":131,"column":74}},"type":"cond-expr","locations":[{"start":{"line":131,"column":56},"end":{"line":131,"column":67}},{"start":{"line":131,"column":70},"end":{"line":131,"column":74}}]},"8":{"loc":{"start":{"line":182,"column":7},"end":{"line":186,"column":null}},"type":"binary-expr","locations":[{"start":{"line":182,"column":8},"end":{"line":182,"column":28}},{"start":{"line":182,"column":32},"end":{"line":182,"column":48}},{"start":{"line":183,"column":8},"end":{"line":185,"column":null}}]}},"s":{"0":1,"1":1,"2":1,"3":1,"4":1,"5":1,"6":1,"7":1,"8":1,"9":1,"10":1,"11":1,"12":1,"13":1,"14":1,"15":1,"16":1,"17":1,"18":1,"19":0,"20":0,"21":0,"22":1,"23":0,"24":0,"25":1,"26":0,"27":0,"28":0,"29":1,"30":0,"31":1,"32":0,"33":1,"34":0,"35":0,"36":0,"37":0,"38":1,"39":0,"40":0,"41":1,"42":0,"43":0,"44":0,"45":0,"46":0,"47":1,"48":0,"49":1,"50":1,"51":0,"52":1,"53":0,"54":0,"55":0,"56":1,"57":0,"58":0,"59":0,"60":0,"61":1,"62":1,"63":0,"64":1,"65":0,"66":0,"67":0,"68":1,"69":0,"70":0,"71":0,"72":0,"73":1,"74":0,"75":0,"76":0,"77":0,"78":1,"79":0,"80":0,"81":0,"82":0,"83":0,"84":0,"85":1},"f":{"0":1,"1":1,"2":0,"3":0,"4":0,"5":0,"6":0,"7":0,"8":0,"9":0,"10":0,"11":0,"12":1,"13":0,"14":0,"15":0,"16":0,"17":0,"18":1,"19":0,"20":0,"21":0,"22":0,"23":0,"24":0,"25":0,"26":0,"27":0,"28":0,"29":0,"30":0,"31":0,"32":0},"b":{"0":[0,0],"1":[0],"2":[0,0],"3":[0],"4":[0,0],"5":[0,0],"6":[0,0],"7":[0,0],"8":[1,1,0]}}
,"/home/rafael/Documentos/projetos/estudos-js/notes-react/src/components/Category/index.tsx": {"path":"/home/rafael/Documentos/projetos/estudos-js/notes-react/src/components/Category/index.tsx","statementMap":{"0":{"start":{"line":9,"column":2},"end":{"line":9,"column":29}},"1":{"start":{"line":9,"column":17},"end":{"line":9,"column":29}},"2":{"start":{"line":11,"column":2},"end":{"line":16,"column":4}},"3":{"start":{"line":19,"column":0},"end":{"line":19,"column":24}}},"fnMap":{"0":{"name":"Category","decl":{"start":{"line":8,"column":9},"end":{"line":8,"column":17}},"loc":{"start":{"line":8,"column":54},"end":{"line":17,"column":1}}}},"branchMap":{"0":{"loc":{"start":{"line":9,"column":2},"end":{"line":9,"column":29}},"type":"if","locations":[{"start":{"line":9,"column":2},"end":{"line":9,"column":29}}]}},"s":{"0":0,"1":0,"2":0,"3":1},"f":{"0":0},"b":{"0":[0]}}
,"/home/rafael/Documentos/projetos/estudos-js/notes-react/src/components/DialogCategory/index.tsx": {"path":"/home/rafael/Documentos/projetos/estudos-js/notes-react/src/components/DialogCategory/index.tsx","statementMap":{"0":{"start":{"line":2,"column":0},"end":{"line":2,"column":57}},"1":{"start":{"line":3,"column":0},"end":{"line":3,"column":34}},"2":{"start":{"line":12,"column":77},"end":{"line":14,"column":4}},"3":{"start":{"line":16,"column":2},"end":{"line":22,"column":null}},"4":{"start":{"line":17,"column":4},"end":{"line":21,"column":null}},"5":{"start":{"line":18,"column":6},"end":{"line":18,"column":null}},"6":{"start":{"line":19,"column":6},"end":{"line":19,"column":null}},"7":{"start":{"line":20,"column":6},"end":{"line":20,"column":null}},"8":{"start":{"line":24,"column":45},"end":{"line":24,"column":66}},"9":{"start":{"line":24,"column":53},"end":{"line":24,"column":66}},"10":{"start":{"line":26,"column":2},"end":{"line":26,"column":25}},"11":{"start":{"line":26,"column":13},"end":{"line":26,"column":25}},"12":{"start":{"line":28,"column":2},"end":{"line":62,"column":4}},"13":{"start":{"line":33,"column":60},"end":{"line":33,"column":69}},"14":{"start":{"line":44,"column":27},"end":{"line":44,"column":60}},"15":{"start":{"line":65,"column":0},"end":{"line":65,"column":30}}},"fnMap":{"0":{"name":"DialogCategory","decl":{"start":{"line":11,"column":9},"end":{"line":11,"column":23}},"loc":{"start":{"line":11,"column":72},"end":{"line":63,"column":1}}},"1":{"name":"(anonymous_1)","decl":{"start":{"line":16,"column":12},"end":{"line":16,"column":15}},"loc":{"start":{"line":16,"column":17},"end":{"line":22,"column":3}}},"2":{"name":"(anonymous_2)","decl":{"start":{"line":24,"column":45},"end":{"line":24,"column":49}},"loc":{"start":{"line":24,"column":53},"end":{"line":24,"column":66}}},"3":{"name":"(anonymous_3)","decl":{"start":{"line":33,"column":54},"end":{"line":33,"column":57}},"loc":{"start":{"line":33,"column":60},"end":{"line":33,"column":69}}},"4":{"name":"(anonymous_4)","decl":{"start":{"line":44,"column":22},"end":{"line":44,"column":23}},"loc":{"start":{"line":44,"column":27},"end":{"line":44,"column":60}}}},"branchMap":{"0":{"loc":{"start":{"line":17,"column":4},"end":{"line":21,"column":null}},"type":"if","locations":[{"start":{"line":17,"column":4},"end":{"line":21,"column":null}}]},"1":{"loc":{"start":{"line":26,"column":2},"end":{"line":26,"column":25}},"type":"if","locations":[{"start":{"line":26,"column":2},"end":{"line":26,"column":25}}]},"2":{"loc":{"start":{"line":32,"column":15},"end":{"line":32,"column":42}},"type":"cond-expr","locations":[{"start":{"line":32,"column":26},"end":{"line":32,"column":34}},{"start":{"line":32,"column":37},"end":{"line":32,"column":42}}]},"3":{"loc":{"start":{"line":42,"column":26},"end":{"line":42,"column":63}},"type":"cond-expr","locations":[{"start":{"line":42,"column":37},"end":{"line":42,"column":51}},{"start":{"line":42,"column":54},"end":{"line":42,"column":63}}]},"4":{"loc":{"start":{"line":53,"column":11},"end":{"line":53,"column":61}},"type":"binary-expr","locations":[{"start":{"line":53,"column":11},"end":{"line":53,"column":22}},{"start":{"line":53,"column":26},"end":{"line":53,"column":61}}]}},"s":{"0":1,"1":1,"2":0,"3":0,"4":0,"5":0,"6":0,"7":0,"8":0,"9":0,"10":0,"11":0,"12":0,"13":0,"14":0,"15":1},"f":{"0":0,"1":0,"2":0,"3":0,"4":0},"b":{"0":[0],"1":[0],"2":[0,0],"3":[0,0],"4":[0,0]}}
,"/home/rafael/Documentos/projetos/estudos-js/notes-react/src/components/DialogNote/index.tsx": {"path":"/home/rafael/Documentos/projetos/estudos-js/notes-react/src/components/DialogNote/index.tsx","statementMap":{"0":{"start":{"line":2,"column":0},"end":{"line":2,"column":57}},"1":{"start":{"line":3,"column":0},"end":{"line":3,"column":34}},"2":{"start":{"line":13,"column":54},"end":{"line":13,"column":70}},"3":{"start":{"line":15,"column":41},"end":{"line":15,"column":64}},"4":{"start":{"line":15,"column":51},"end":{"line":15,"column":64}},"5":{"start":{"line":17,"column":2},"end":{"line":24,"column":null}},"6":{"start":{"line":18,"column":4},"end":{"line":23,"column":null}},"7":{"start":{"line":19,"column":6},"end":{"line":19,"column":null}},"8":{"start":{"line":20,"column":6},"end":{"line":20,"column":null}},"9":{"start":{"line":21,"column":6},"end":{"line":21,"column":null}},"10":{"start":{"line":22,"column":6},"end":{"line":22,"column":null}},"11":{"start":{"line":26,"column":20},"end":{"line":29,"column":3}},"12":{"start":{"line":27,"column":21},"end":{"line":27,"column":76}},"13":{"start":{"line":27,"column":46},"end":{"line":27,"column":75}},"14":{"start":{"line":28,"column":4},"end":{"line":28,"column":42}},"15":{"start":{"line":31,"column":2},"end":{"line":31,"column":25}},"16":{"start":{"line":31,"column":13},"end":{"line":31,"column":25}},"17":{"start":{"line":33,"column":2},"end":{"line":80,"column":4}},"18":{"start":{"line":41,"column":60},"end":{"line":41,"column":69}},"19":{"start":{"line":53,"column":14},"end":{"line":53,"column":40}},"20":{"start":{"line":83,"column":0},"end":{"line":83,"column":26}}},"fnMap":{"0":{"name":"DialogNote","decl":{"start":{"line":12,"column":9},"end":{"line":12,"column":19}},"loc":{"start":{"line":12,"column":72},"end":{"line":81,"column":1}}},"1":{"name":"(anonymous_1)","decl":{"start":{"line":15,"column":41},"end":{"line":15,"column":42}},"loc":{"start":{"line":15,"column":51},"end":{"line":15,"column":64}}},"2":{"name":"(anonymous_2)","decl":{"start":{"line":17,"column":12},"end":{"line":17,"column":15}},"loc":{"start":{"line":17,"column":17},"end":{"line":24,"column":3}}},"3":{"name":"(anonymous_3)","decl":{"start":{"line":26,"column":20},"end":{"line":26,"column":21}},"loc":{"start":{"line":26,"column":51},"end":{"line":29,"column":3}}},"4":{"name":"(anonymous_4)","decl":{"start":{"line":27,"column":37},"end":{"line":27,"column":38}},"loc":{"start":{"line":27,"column":46},"end":{"line":27,"column":75}}},"5":{"name":"(anonymous_5)","decl":{"start":{"line":41,"column":54},"end":{"line":41,"column":57}},"loc":{"start":{"line":41,"column":60},"end":{"line":41,"column":69}}},"6":{"name":"(anonymous_6)","decl":{"start":{"line":52,"column":28},"end":{"line":52,"column":29}},"loc":{"start":{"line":53,"column":14},"end":{"line":53,"column":40}}}},"branchMap":{"0":{"loc":{"start":{"line":18,"column":4},"end":{"line":23,"column":null}},"type":"if","locations":[{"start":{"line":18,"column":4},"end":{"line":23,"column":null}}]},"1":{"loc":{"start":{"line":28,"column":11},"end":{"line":28,"column":41}},"type":"cond-expr","locations":[{"start":{"line":28,"column":22},"end":{"line":28,"column":36}},{"start":{"line":28,"column":39},"end":{"line":28,"column":41}}]},"2":{"loc":{"start":{"line":31,"column":2},"end":{"line":31,"column":25}},"type":"if","locations":[{"start":{"line":31,"column":2},"end":{"line":31,"column":25}}]},"3":{"loc":{"start":{"line":40,"column":15},"end":{"line":40,"column":38}},"type":"cond-expr","locations":[{"start":{"line":40,"column":22},"end":{"line":40,"column":30}},{"start":{"line":40,"column":33},"end":{"line":40,"column":38}}]},"4":{"loc":{"start":{"line":49,"column":26},"end":{"line":49,"column":53}},"type":"cond-expr","locations":[{"start":{"line":49,"column":33},"end":{"line":49,"column":48}},{"start":{"line":49,"column":51},"end":{"line":49,"column":53}}]},"5":{"loc":{"start":{"line":62,"column":26},"end":{"line":62,"column":48}},"type":"cond-expr","locations":[{"start":{"line":62,"column":33},"end":{"line":62,"column":43}},{"start":{"line":62,"column":46},"end":{"line":62,"column":48}}]},"6":{"loc":{"start":{"line":68,"column":26},"end":{"line":68,"column":50}},"type":"cond-expr","locations":[{"start":{"line":68,"column":33},"end":{"line":68,"column":45}},{"start":{"line":68,"column":48},"end":{"line":68,"column":50}}]}},"s":{"0":1,"1":1,"2":0,"3":0,"4":0,"5":0,"6":0,"7":0,"8":0,"9":0,"10":0,"11":0,"12":0,"13":0,"14":0,"15":0,"16":0,"17":0,"18":0,"19":0,"20":1},"f":{"0":0,"1":0,"2":0,"3":0,"4":0,"5":0,"6":0},"b":{"0":[0],"1":[0,0],"2":[0],"3":[0,0],"4":[0,0],"5":[0,0],"6":[0,0]}}
,"/home/rafael/Documentos/projetos/estudos-js/notes-react/src/components/Note/index.tsx": {"path":"/home/rafael/Documentos/projetos/estudos-js/notes-react/src/components/Note/index.tsx","statementMap":{"0":{"start":{"line":10,"column":2},"end":{"line":10,"column":25}},"1":{"start":{"line":10,"column":13},"end":{"line":10,"column":25}},"2":{"start":{"line":12,"column":2},"end":{"line":17,"column":4}},"3":{"start":{"line":20,"column":0},"end":{"line":20,"column":20}}},"fnMap":{"0":{"name":"Note","decl":{"start":{"line":9,"column":9},"end":{"line":9,"column":13}},"loc":{"start":{"line":9,"column":49},"end":{"line":18,"column":1}}}},"branchMap":{"0":{"loc":{"start":{"line":10,"column":2},"end":{"line":10,"column":25}},"type":"if","locations":[{"start":{"line":10,"column":2},"end":{"line":10,"column":25}}]}},"s":{"0":0,"1":0,"2":0,"3":1},"f":{"0":0},"b":{"0":[0]}}
}
