TN:
SF:src/App.tsx
FN:11,App
FN:22,(anonymous_1)
FN:27,(anonymous_2)
FN:28,(anonymous_3)
FN:32,(anonymous_4)
FN:37,(anonymous_5)
FN:43,(anonymous_6)
FN:47,(anonymous_7)
FN:51,(anonymous_8)
FN:57,(anonymous_9)
FN:62,(anonymous_10)
FN:71,(anonymous_11)
FN:77,(anonymous_12)
FN:85,(anonymous_13)
FN:91,(anonymous_14)
FN:94,(anonymous_15)
FN:100,(anonymous_16)
FN:101,(anonymous_17)
FN:107,(anonymous_18)
FN:115,(anonymous_19)
FN:121,(anonymous_20)
FN:124,(anonymous_21)
FN:130,(anonymous_22)
FN:131,(anonymous_23)
FN:135,(anonymous_24)
FN:138,(anonymous_25)
FN:138,(anonymous_26)
FN:153,(anonymous_27)
FN:155,(anonymous_28)
FN:159,(anonymous_29)
FN:167,(anonymous_30)
FN:170,(anonymous_31)
FN:175,(anonymous_32)
FNF:33
FNH:4
FNDA:1,App
FNDA:1,(anonymous_1)
FNDA:0,(anonymous_2)
FNDA:0,(anonymous_3)
FNDA:0,(anonymous_4)
FNDA:0,(anonymous_5)
FNDA:0,(anonymous_6)
FNDA:0,(anonymous_7)
FNDA:0,(anonymous_8)
FNDA:0,(anonymous_9)
FNDA:0,(anonymous_10)
FNDA:0,(anonymous_11)
FNDA:1,(anonymous_12)
FNDA:0,(anonymous_13)
FNDA:0,(anonymous_14)
FNDA:0,(anonymous_15)
FNDA:0,(anonymous_16)
FNDA:0,(anonymous_17)
FNDA:1,(anonymous_18)
FNDA:0,(anonymous_19)
FNDA:0,(anonymous_20)
FNDA:0,(anonymous_21)
FNDA:0,(anonymous_22)
FNDA:0,(anonymous_23)
FNDA:0,(anonymous_24)
FNDA:0,(anonymous_25)
FNDA:0,(anonymous_26)
FNDA:0,(anonymous_27)
FNDA:0,(anonymous_28)
FNDA:0,(anonymous_29)
FNDA:0,(anonymous_30)
FNDA:0,(anonymous_31)
FNDA:0,(anonymous_32)
DA:1,1
DA:2,1
DA:3,1
DA:5,1
DA:6,1
DA:7,1
DA:8,1
DA:9,1
DA:12,1
DA:14,1
DA:15,1
DA:17,1
DA:18,1
DA:19,1
DA:20,1
DA:22,1
DA:23,1
DA:24,1
DA:27,1
DA:28,0
DA:29,0
DA:32,1
DA:33,0
DA:34,0
DA:37,1
DA:38,0
DA:39,0
DA:40,0
DA:43,1
DA:44,0
DA:47,1
DA:48,0
DA:51,1
DA:52,0
DA:53,0
DA:54,0
DA:57,1
DA:58,0
DA:59,0
DA:62,1
DA:63,0
DA:64,0
DA:65,0
DA:66,0
DA:71,1
DA:72,0
DA:77,1
DA:78,1
DA:82,0
DA:85,1
DA:86,0
DA:91,0
DA:94,1
DA:95,0
DA:100,0
DA:101,0
DA:102,0
DA:107,1
DA:108,1
DA:112,0
DA:115,1
DA:116,0
DA:121,0
DA:124,1
DA:125,0
DA:130,0
DA:131,0
DA:135,1
DA:136,0
DA:138,0
DA:141,1
DA:153,0
DA:156,0
DA:159,0
DA:167,0
DA:171,0
DA:175,0
DA:192,1
LF:78
LH:38
BRDA:29,0,0,0
BRDA:29,0,1,0
BRDA:53,1,0,0
BRDA:59,2,0,0
BRDA:59,2,1,0
BRDA:65,3,0,0
BRDA:66,4,0,0
BRDA:66,4,1,0
BRDA:72,5,0,0
BRDA:72,5,1,0
BRDA:102,6,0,0
BRDA:102,6,1,0
BRDA:131,7,0,0
BRDA:131,7,1,0
BRDA:182,8,0,1
BRDA:182,8,1,1
BRDA:182,8,2,0
BRF:17
BRH:2
end_of_record
TN:
SF:src/components/Category/index.tsx
FN:8,Category
FNF:1
FNH:0
FNDA:0,Category
DA:9,0
DA:11,0
DA:19,1
LF:3
LH:1
BRDA:9,0,0,0
BRF:1
BRH:0
end_of_record
TN:
SF:src/components/DialogCategory/index.tsx
FN:11,DialogCategory
FN:16,(anonymous_1)
FN:24,(anonymous_2)
FN:33,(anonymous_3)
FN:44,(anonymous_4)
FNF:5
FNH:0
FNDA:0,DialogCategory
FNDA:0,(anonymous_1)
FNDA:0,(anonymous_2)
FNDA:0,(anonymous_3)
FNDA:0,(anonymous_4)
DA:2,1
DA:3,1
DA:12,0
DA:16,0
DA:17,0
DA:18,0
DA:19,0
DA:20,0
DA:24,0
DA:26,0
DA:28,0
DA:33,0
DA:44,0
DA:65,1
LF:14
LH:3
BRDA:17,0,0,0
BRDA:26,1,0,0
BRDA:32,2,0,0
BRDA:32,2,1,0
BRDA:42,3,0,0
BRDA:42,3,1,0
BRDA:53,4,0,0
BRDA:53,4,1,0
BRF:8
BRH:0
end_of_record
TN:
SF:src/components/DialogNote/index.tsx
FN:12,DialogNote
FN:15,(anonymous_1)
FN:17,(anonymous_2)
FN:26,(anonymous_3)
FN:27,(anonymous_4)
FN:41,(anonymous_5)
FN:52,(anonymous_6)
FNF:7
FNH:0
FNDA:0,DialogNote
FNDA:0,(anonymous_1)
FNDA:0,(anonymous_2)
FNDA:0,(anonymous_3)
FNDA:0,(anonymous_4)
FNDA:0,(anonymous_5)
FNDA:0,(anonymous_6)
DA:2,1
DA:3,1
DA:13,0
DA:15,0
DA:17,0
DA:18,0
DA:19,0
DA:20,0
DA:21,0
DA:22,0
DA:26,0
DA:27,0
DA:28,0
DA:31,0
DA:33,0
DA:41,0
DA:53,0
DA:83,1
LF:18
LH:3
BRDA:18,0,0,0
BRDA:28,1,0,0
BRDA:28,1,1,0
BRDA:31,2,0,0
BRDA:40,3,0,0
BRDA:40,3,1,0
BRDA:49,4,0,0
BRDA:49,4,1,0
BRDA:62,5,0,0
BRDA:62,5,1,0
BRDA:68,6,0,0
BRDA:68,6,1,0
BRF:12
BRH:0
end_of_record
TN:
SF:src/components/Note/index.tsx
FN:9,Note
FNF:1
FNH:0
FNDA:0,Note
DA:10,0
DA:12,0
DA:20,1
LF:3
LH:1
BRDA:10,0,0,0
BRF:1
BRH:0
end_of_record
